2022-08-23 08:22:59,467: [14] m.main:INFO: Registered plugins: DetectUninitializedStorage, DetectInvalid, DetectDelegatecall, DetectUnusedRetVal, DetectSuicidal, DetectUninitializedMemory, DetectExternalCallAndLeak, DetectReentrancySimple, DetectEnvInstruction, DetectReentrancyAdvanced, DetectIntegerOverflow
2022-08-23 08:22:59,468: [14] m.main:INFO: Beginning analysis
2022-08-23 08:22:59,475: [14] m.e.manticore:INFO: Starting symbolic create contract
2022-08-23 08:22:59,486: [14] m.e.manticore:ERROR: Errors : Invalid solc compilation Invalid option to --combined-json: compact-format

. Solidity failed to generate bytecode for your contract. Check if all the abstract functions are implemented. 
2022-08-23 08:22:59,537: [56] m.c.manticore:INFO: Generated testcase No. 0 - NO STATE RESULT (?)(0 txs)
2022-08-23 08:22:59,647: [14] m.c.manticore:INFO: Results in /mcore_2f83mvix
2022-08-23 08:23:00,056: [315] m.main:INFO: Registered plugins: DetectReentrancySimple, DetectInvalid, DetectUnusedRetVal, DetectEnvInstruction, DetectUninitializedStorage, DetectDelegatecall, DetectReentrancyAdvanced, DetectExternalCallAndLeak, DetectSuicidal, DetectUninitializedMemory, DetectIntegerOverflow
2022-08-23 08:23:00,057: [315] m.main:INFO: Beginning analysis
2022-08-23 08:23:00,064: [315] m.e.manticore:INFO: Starting symbolic create contract
2022-08-23 08:23:00,075: [315] m.e.manticore:ERROR: Errors : Invalid solc compilation Invalid option to --combined-json: compact-format

. Solidity failed to generate bytecode for your contract. Check if all the abstract functions are implemented. 
2022-08-23 08:23:00,135: [357] m.c.manticore:INFO: Generated testcase No. 0 - NO STATE RESULT (?)(0 txs)
2022-08-23 08:23:00,241: [315] m.c.manticore:INFO: Results in /mcore_q7wurz8m
2022-08-23 08:23:00,646: [616] m.main:INFO: Registered plugins: DetectReentrancyAdvanced, DetectInvalid, DetectSuicidal, DetectUninitializedMemory, DetectDelegatecall, DetectEnvInstruction, DetectUnusedRetVal, DetectIntegerOverflow, DetectUninitializedStorage, DetectReentrancySimple, DetectExternalCallAndLeak
2022-08-23 08:23:00,646: [616] m.main:INFO: Beginning analysis
2022-08-23 08:23:00,654: [616] m.e.manticore:INFO: Starting symbolic create contract
2022-08-23 08:23:00,664: [616] m.e.manticore:ERROR: Errors : Invalid solc compilation Invalid option to --combined-json: compact-format

. Solidity failed to generate bytecode for your contract. Check if all the abstract functions are implemented. 
2022-08-23 08:23:00,723: [658] m.c.manticore:INFO: Generated testcase No. 0 - NO STATE RESULT (?)(0 txs)
2022-08-23 08:23:00,836: [616] m.c.manticore:INFO: Results in /mcore_65gmn0so
2022-08-23 08:23:01,245: [917] m.main:INFO: Registered plugins: DetectIntegerOverflow, DetectEnvInstruction, DetectUnusedRetVal, DetectReentrancySimple, DetectInvalid, DetectDelegatecall, DetectUninitializedStorage, DetectExternalCallAndLeak, DetectReentrancyAdvanced, DetectSuicidal, DetectUninitializedMemory
2022-08-23 08:23:01,245: [917] m.main:INFO: Beginning analysis
2022-08-23 08:23:01,252: [917] m.e.manticore:INFO: Starting symbolic create contract
2022-08-23 08:23:01,263: [917] m.e.manticore:ERROR: Errors : Invalid solc compilation Invalid option to --combined-json: compact-format

. Solidity failed to generate bytecode for your contract. Check if all the abstract functions are implemented. 
2022-08-23 08:23:01,318: [960] m.c.manticore:INFO: Generated testcase No. 0 - NO STATE RESULT (?)(0 txs)
2022-08-23 08:23:01,425: [917] m.c.manticore:INFO: Results in /mcore_af1ct1l1
2022-08-23 08:23:01,830: [1218] m.main:INFO: Registered plugins: DetectExternalCallAndLeak, DetectIntegerOverflow, DetectUnusedRetVal, DetectReentrancySimple, DetectInvalid, DetectSuicidal, DetectReentrancyAdvanced, DetectUninitializedStorage, DetectEnvInstruction, DetectDelegatecall, DetectUninitializedMemory
2022-08-23 08:23:01,830: [1218] m.main:INFO: Beginning analysis
2022-08-23 08:23:01,838: [1218] m.e.manticore:INFO: Starting symbolic create contract
2022-08-23 08:23:01,849: [1218] m.e.manticore:ERROR: Errors : Invalid solc compilation Invalid option to --combined-json: compact-format

. Solidity failed to generate bytecode for your contract. Check if all the abstract functions are implemented. 
2022-08-23 08:23:01,911: [1260] m.c.manticore:INFO: Generated testcase No. 0 - NO STATE RESULT (?)(0 txs)
2022-08-23 08:23:02,016: [1218] m.c.manticore:INFO: Results in /mcore_pi8mrgh7
2022-08-23 08:23:02,424: [1519] m.main:INFO: Registered plugins: DetectExternalCallAndLeak, DetectUninitializedMemory, DetectUnusedRetVal, DetectDelegatecall, DetectSuicidal, DetectReentrancyAdvanced, DetectInvalid, DetectEnvInstruction, DetectUninitializedStorage, DetectIntegerOverflow, DetectReentrancySimple
2022-08-23 08:23:02,424: [1519] m.main:INFO: Beginning analysis
2022-08-23 08:23:02,432: [1519] m.e.manticore:INFO: Starting symbolic create contract
2022-08-23 08:23:02,443: [1519] m.e.manticore:ERROR: Errors : Invalid solc compilation Invalid option to --combined-json: compact-format

. Solidity failed to generate bytecode for your contract. Check if all the abstract functions are implemented. 
2022-08-23 08:23:02,473: [1561] m.c.manticore:INFO: Generated testcase No. 0 - NO STATE RESULT (?)(0 txs)
2022-08-23 08:23:02,603: [1519] m.c.manticore:INFO: Results in /mcore_8t3cnvf1
2022-08-23 08:23:03,012: [1820] m.main:INFO: Registered plugins: DetectExternalCallAndLeak, DetectIntegerOverflow, DetectReentrancySimple, DetectInvalid, DetectDelegatecall, DetectUnusedRetVal, DetectSuicidal, DetectUninitializedMemory, DetectEnvInstruction, DetectUninitializedStorage, DetectReentrancyAdvanced
2022-08-23 08:23:03,012: [1820] m.main:INFO: Beginning analysis
2022-08-23 08:23:03,020: [1820] m.e.manticore:INFO: Starting symbolic create contract
2022-08-23 08:23:03,030: [1820] m.e.manticore:ERROR: Errors : Invalid solc compilation Invalid option to --combined-json: compact-format

. Solidity failed to generate bytecode for your contract. Check if all the abstract functions are implemented. 
2022-08-23 08:23:03,088: [1862] m.c.manticore:INFO: Generated testcase No. 0 - NO STATE RESULT (?)(0 txs)
2022-08-23 08:23:03,201: [1820] m.c.manticore:INFO: Results in /mcore_w6ju9t7u
2022-08-23 08:23:03,619: [2121] m.main:INFO: Registered plugins: DetectUninitializedMemory, DetectDelegatecall, DetectUnusedRetVal, DetectReentrancySimple, DetectInvalid, DetectSuicidal, DetectExternalCallAndLeak, DetectReentrancyAdvanced, DetectUninitializedStorage, DetectIntegerOverflow, DetectEnvInstruction
2022-08-23 08:23:03,619: [2121] m.main:INFO: Beginning analysis
2022-08-23 08:23:03,627: [2121] m.e.manticore:INFO: Starting symbolic create contract
2022-08-23 08:23:03,637: [2121] m.e.manticore:ERROR: Errors : Invalid solc compilation Invalid option to --combined-json: compact-format

. Solidity failed to generate bytecode for your contract. Check if all the abstract functions are implemented. 
2022-08-23 08:23:03,694: [2163] m.c.manticore:INFO: Generated testcase No. 0 - NO STATE RESULT (?)(0 txs)
2022-08-23 08:23:03,802: [2121] m.c.manticore:INFO: Results in /mcore_tnfczcsi
2022-08-23 08:23:04,213: [2422] m.main:INFO: Registered plugins: DetectInvalid, DetectSuicidal, DetectReentrancySimple, DetectUnusedRetVal, DetectIntegerOverflow, DetectDelegatecall, DetectEnvInstruction, DetectUninitializedStorage, DetectReentrancyAdvanced, DetectExternalCallAndLeak, DetectUninitializedMemory
2022-08-23 08:23:04,213: [2422] m.main:INFO: Beginning analysis
2022-08-23 08:23:04,221: [2422] m.e.manticore:INFO: Starting symbolic create contract
2022-08-23 08:23:04,232: [2422] m.e.manticore:ERROR: Errors : Invalid solc compilation Invalid option to --combined-json: compact-format

. Solidity failed to generate bytecode for your contract. Check if all the abstract functions are implemented. 
2022-08-23 08:23:04,290: [2464] m.c.manticore:INFO: Generated testcase No. 0 - NO STATE RESULT (?)(0 txs)
2022-08-23 08:23:04,402: [2422] m.c.manticore:INFO: Results in /mcore_v910ujx5
2022-08-23 08:23:04,812: [2723] m.main:INFO: Registered plugins: DetectSuicidal, DetectEnvInstruction, DetectReentrancySimple, DetectInvalid, DetectExternalCallAndLeak, DetectDelegatecall, DetectUninitializedStorage, DetectReentrancyAdvanced, DetectIntegerOverflow, DetectUnusedRetVal, DetectUninitializedMemory
2022-08-23 08:23:04,813: [2723] m.main:INFO: Beginning analysis
2022-08-23 08:23:04,820: [2723] m.e.manticore:INFO: Starting symbolic create contract
2022-08-23 08:23:04,831: [2723] m.e.manticore:ERROR: Errors : Invalid solc compilation Invalid option to --combined-json: compact-format

. Solidity failed to generate bytecode for your contract. Check if all the abstract functions are implemented. 
2022-08-23 08:23:04,890: [2765] m.c.manticore:INFO: Generated testcase No. 0 - NO STATE RESULT (?)(0 txs)
2022-08-23 08:23:04,999: [2723] m.c.manticore:INFO: Results in /mcore_pr1_c328
2022-08-23 08:23:05,415: [3024] m.main:INFO: Registered plugins: DetectSuicidal, DetectUninitializedStorage, DetectEnvInstruction, DetectDelegatecall, DetectIntegerOverflow, DetectUninitializedMemory, DetectReentrancyAdvanced, DetectUnusedRetVal, DetectExternalCallAndLeak, DetectReentrancySimple, DetectInvalid
2022-08-23 08:23:05,416: [3024] m.main:INFO: Beginning analysis
2022-08-23 08:23:05,423: [3024] m.e.manticore:INFO: Starting symbolic create contract
2022-08-23 08:23:05,434: [3024] m.e.manticore:ERROR: Errors : Invalid solc compilation Invalid option to --combined-json: compact-format

. Solidity failed to generate bytecode for your contract. Check if all the abstract functions are implemented. 
2022-08-23 08:23:05,487: [3066] m.c.manticore:INFO: Generated testcase No. 0 - NO STATE RESULT (?)(0 txs)
2022-08-23 08:23:05,588: [3024] m.c.manticore:INFO: Results in /mcore_kpg14vq5
2022-08-23 08:23:06,006: [3325] m.main:INFO: Registered plugins: DetectUnusedRetVal, DetectReentrancySimple, DetectInvalid, DetectExternalCallAndLeak, DetectSuicidal, DetectUninitializedStorage, DetectEnvInstruction, DetectReentrancyAdvanced, DetectDelegatecall, DetectUninitializedMemory, DetectIntegerOverflow
2022-08-23 08:23:06,007: [3325] m.main:INFO: Beginning analysis
2022-08-23 08:23:06,014: [3325] m.e.manticore:INFO: Starting symbolic create contract
2022-08-23 08:23:06,025: [3325] m.e.manticore:ERROR: Errors : Invalid solc compilation Invalid option to --combined-json: compact-format

. Solidity failed to generate bytecode for your contract. Check if all the abstract functions are implemented. 
2022-08-23 08:23:06,084: [3368] m.c.manticore:INFO: Generated testcase No. 0 - NO STATE RESULT (?)(0 txs)
2022-08-23 08:23:06,192: [3325] m.c.manticore:INFO: Results in /mcore_okosg43j
2022-08-23 08:23:06,614: [3626] m.main:INFO: Registered plugins: DetectUninitializedMemory, DetectIntegerOverflow, DetectDelegatecall, DetectEnvInstruction, DetectSuicidal, DetectUninitializedStorage, DetectReentrancyAdvanced, DetectUnusedRetVal, DetectExternalCallAndLeak, DetectReentrancySimple, DetectInvalid
2022-08-23 08:23:06,614: [3626] m.main:INFO: Beginning analysis
2022-08-23 08:23:06,622: [3626] m.e.manticore:INFO: Starting symbolic create contract
2022-08-23 08:23:06,633: [3626] m.e.manticore:ERROR: Errors : Invalid solc compilation Invalid option to --combined-json: compact-format

. Solidity failed to generate bytecode for your contract. Check if all the abstract functions are implemented. 
2022-08-23 08:23:06,713: [3669] m.c.manticore:INFO: Generated testcase No. 0 - NO STATE RESULT (?)(0 txs)
2022-08-23 08:23:06,852: [3626] m.c.manticore:INFO: Results in /mcore_mdfy1o4b
usage: manticore [-h] [--compile-force-framework COMPILE_FORCE_FRAMEWORK]
                 [--compile-remove-metadata]
                 [--compile-custom-build COMPILE_CUSTOM_BUILD] [--solc SOLC]
                 [--solc-remaps SOLC_REMAPS] [--solc-args SOLC_ARGS]
                 [--solc-disable-warnings]
                 [--solc-working-dir SOLC_WORKING_DIR]
                 [--solc-solcs-select SOLC_SOLCS_SELECT]
                 [--solc-solcs-bin SOLC_SOLCS_BIN] [--truffle-ignore-compile]
                 [--truffle-build-directory TRUFFLE_BUILD_DIRECTORY]
                 [--truffle-version TRUFFLE_VERSION] [--embark-ignore-compile]
                 [--embark-overwrite-config] [--dapp-ignore-compile]
                 [--etherlime-ignore-compile] [--etherlime-compile-arguments]
                 [--coverage COVERAGE] [--no-colors] [--policy POLICY] [-v]
                 [--workspace WORKSPACE] [--version] [--config CONFIG]
                 [--entrysymbol ENTRYSYMBOL] [--data DATA] [--file FILES]
                 [--env ENV] [--pure-symbolic] [--verbose-trace]
                 [--txlimit TXLIMIT] [--txnocoverage] [--txnoether]
                 [--txaccount TXACCOUNT] [--txpreconstrain]
                 [--contract CONTRACT] [--list-detectors]
                 [--exclude DETECTORS_TO_EXCLUDE] [--exclude-all]
                 [--avoid-constant] [--limit-loops] [--no-testcases]
                 [--smt.timeout SMT.TIMEOUT] [--smt.memory SMT.MEMORY]
                 [--smt.maxsolutions SMT.MAXSOLUTIONS]
                 [--smt.z3_bin SMT.Z3_BIN]
                 [--smt.defaultunsat SMT.DEFAULTUNSAT]
                 [--workspace.prefix WORKSPACE.PREFIX]
                 [--workspace.dir WORKSPACE.DIR] [--core.timeout CORE.TIMEOUT]
                 [--core.cluster CORE.CLUSTER] [--core.procs CORE.PROCS]
                 [--core.mprocessing CORE.MPROCESSING] [--evm.oog EVM.OOG]
                 [--evm.defaultgas EVM.DEFAULTGAS] [--cli.profile CLI.PROFILE]
                 [--main.recursionlimit MAIN.RECURSIONLIMIT]
                 [--native.stdin_size NATIVE.STDIN_SIZE]
                 [argv [argv ...]]
manticore: error: argument --contract: expected one argument
mv: cannot stat '/mcore_*': No such file or directory
2022-08-23 08:23:07,628: [3933] m.main:INFO: Registered plugins: DetectReentrancySimple, DetectInvalid, DetectSuicidal, DetectUnusedRetVal, DetectReentrancyAdvanced, DetectUninitializedStorage, DetectDelegatecall, DetectEnvInstruction, DetectIntegerOverflow, DetectUninitializedMemory, DetectExternalCallAndLeak
2022-08-23 08:23:07,628: [3933] m.main:INFO: Beginning analysis
2022-08-23 08:23:07,636: [3933] m.e.manticore:INFO: Starting symbolic create contract
2022-08-23 08:23:07,647: [3933] m.e.manticore:ERROR: Errors : Invalid solc compilation Invalid option to --combined-json: compact-format

. Solidity failed to generate bytecode for your contract. Check if all the abstract functions are implemented. 
2022-08-23 08:23:07,707: [3976] m.c.manticore:INFO: Generated testcase No. 0 - NO STATE RESULT (?)(0 txs)
2022-08-23 08:23:07,809: [3933] m.c.manticore:INFO: Results in /mcore_p4lmyo9u
2022-08-23 08:23:08,237: [4234] m.main:INFO: Registered plugins: DetectReentrancySimple, DetectInvalid, DetectUnusedRetVal, DetectUninitializedStorage, DetectSuicidal, DetectExternalCallAndLeak, DetectEnvInstruction, DetectUninitializedMemory, DetectReentrancyAdvanced, DetectDelegatecall, DetectIntegerOverflow
2022-08-23 08:23:08,237: [4234] m.main:INFO: Beginning analysis
2022-08-23 08:23:08,245: [4234] m.e.manticore:INFO: Starting symbolic create contract
2022-08-23 08:23:08,256: [4234] m.e.manticore:ERROR: Errors : Invalid solc compilation Invalid option to --combined-json: compact-format

. Solidity failed to generate bytecode for your contract. Check if all the abstract functions are implemented. 
2022-08-23 08:23:08,312: [4277] m.c.manticore:INFO: Generated testcase No. 0 - NO STATE RESULT (?)(0 txs)
2022-08-23 08:23:08,425: [4234] m.c.manticore:INFO: Results in /mcore_klb4jdxi
2022-08-23 08:23:08,840: [4535] m.main:INFO: Registered plugins: DetectEnvInstruction, DetectUnusedRetVal, DetectInvalid, DetectSuicidal, DetectReentrancyAdvanced, DetectExternalCallAndLeak, DetectReentrancySimple, DetectUninitializedStorage, DetectDelegatecall, DetectIntegerOverflow, DetectUninitializedMemory
2022-08-23 08:23:08,841: [4535] m.main:INFO: Beginning analysis
2022-08-23 08:23:08,848: [4535] m.e.manticore:INFO: Starting symbolic create contract
2022-08-23 08:23:08,859: [4535] m.e.manticore:ERROR: Errors : Invalid solc compilation Invalid option to --combined-json: compact-format

. Solidity failed to generate bytecode for your contract. Check if all the abstract functions are implemented. 
2022-08-23 08:23:08,917: [4577] m.c.manticore:INFO: Generated testcase No. 0 - NO STATE RESULT (?)(0 txs)
2022-08-23 08:23:09,024: [4535] m.c.manticore:INFO: Results in /mcore_nrh4g6a3
2022-08-23 08:23:09,439: [4836] m.main:INFO: Registered plugins: DetectReentrancySimple, DetectInvalid, DetectSuicidal, DetectUnusedRetVal, DetectUninitializedStorage, DetectIntegerOverflow, DetectDelegatecall, DetectEnvInstruction, DetectReentrancyAdvanced, DetectUninitializedMemory, DetectExternalCallAndLeak
2022-08-23 08:23:09,440: [4836] m.main:INFO: Beginning analysis
2022-08-23 08:23:09,447: [4836] m.e.manticore:INFO: Starting symbolic create contract
2022-08-23 08:23:09,458: [4836] m.e.manticore:ERROR: Errors : Invalid solc compilation Invalid option to --combined-json: compact-format

. Solidity failed to generate bytecode for your contract. Check if all the abstract functions are implemented. 
2022-08-23 08:23:09,505: [4878] m.c.manticore:INFO: Generated testcase No. 0 - NO STATE RESULT (?)(0 txs)
2022-08-23 08:23:09,623: [4836] m.c.manticore:INFO: Results in /mcore_eqbolnuh
2022-08-23 08:23:10,042: [5137] m.main:INFO: Registered plugins: DetectReentrancySimple, DetectInvalid, DetectSuicidal, DetectReentrancyAdvanced, DetectUninitializedStorage, DetectIntegerOverflow, DetectDelegatecall, DetectEnvInstruction, DetectUninitializedMemory, DetectUnusedRetVal, DetectExternalCallAndLeak
2022-08-23 08:23:10,043: [5137] m.main:INFO: Beginning analysis
2022-08-23 08:23:10,050: [5137] m.e.manticore:INFO: Starting symbolic create contract
2022-08-23 08:23:10,061: [5137] m.e.manticore:ERROR: Errors : Invalid solc compilation Invalid option to --combined-json: compact-format

. Solidity failed to generate bytecode for your contract. Check if all the abstract functions are implemented. 
2022-08-23 08:23:10,121: [5180] m.c.manticore:INFO: Generated testcase No. 0 - NO STATE RESULT (?)(0 txs)
2022-08-23 08:23:10,231: [5137] m.c.manticore:INFO: Results in /mcore_nrj5kzw9
2022-08-23 08:23:10,651: [5438] m.main:INFO: Registered plugins: DetectReentrancySimple, DetectInvalid, DetectSuicidal, DetectUnusedRetVal, DetectUninitializedStorage, DetectIntegerOverflow, DetectDelegatecall, DetectEnvInstruction, DetectUninitializedMemory, DetectReentrancyAdvanced, DetectExternalCallAndLeak
2022-08-23 08:23:10,652: [5438] m.main:INFO: Beginning analysis
2022-08-23 08:23:10,659: [5438] m.e.manticore:INFO: Starting symbolic create contract
2022-08-23 08:23:10,670: [5438] m.e.manticore:ERROR: Errors : Invalid solc compilation Invalid option to --combined-json: compact-format

. Solidity failed to generate bytecode for your contract. Check if all the abstract functions are implemented. 
2022-08-23 08:23:10,729: [5481] m.c.manticore:INFO: Generated testcase No. 0 - NO STATE RESULT (?)(0 txs)
2022-08-23 08:23:10,841: [5438] m.c.manticore:INFO: Results in /mcore_vs0baf09
2022-08-23 08:23:11,254: [5739] m.main:INFO: Registered plugins: DetectUnusedRetVal, DetectReentrancySimple, DetectInvalid, DetectExternalCallAndLeak, DetectSuicidal, DetectUninitializedStorage, DetectEnvInstruction, DetectReentrancyAdvanced, DetectDelegatecall, DetectUninitializedMemory, DetectIntegerOverflow
2022-08-23 08:23:11,254: [5739] m.main:INFO: Beginning analysis
2022-08-23 08:23:11,262: [5739] m.e.manticore:INFO: Starting symbolic create contract
2022-08-23 08:23:11,273: [5739] m.e.manticore:ERROR: Errors : Invalid solc compilation Invalid option to --combined-json: compact-format

. Solidity failed to generate bytecode for your contract. Check if all the abstract functions are implemented. 
2022-08-23 08:23:11,332: [5782] m.c.manticore:INFO: Generated testcase No. 0 - NO STATE RESULT (?)(0 txs)
2022-08-23 08:23:11,440: [5739] m.c.manticore:INFO: Results in /mcore_zl0xlrtq
2022-08-23 08:23:11,860: [6040] m.main:INFO: Registered plugins: DetectReentrancySimple, DetectInvalid, DetectUnusedRetVal, DetectReentrancyAdvanced, DetectUninitializedStorage, DetectIntegerOverflow, DetectSuicidal, DetectExternalCallAndLeak, DetectEnvInstruction, DetectUninitializedMemory, DetectDelegatecall
2022-08-23 08:23:11,861: [6040] m.main:INFO: Beginning analysis
2022-08-23 08:23:11,869: [6040] m.e.manticore:INFO: Starting symbolic create contract
2022-08-23 08:23:11,879: [6040] m.e.manticore:ERROR: Errors : Invalid solc compilation Invalid option to --combined-json: compact-format

. Solidity failed to generate bytecode for your contract. Check if all the abstract functions are implemented. 
2022-08-23 08:23:11,935: [6082] m.c.manticore:INFO: Generated testcase No. 0 - NO STATE RESULT (?)(0 txs)
2022-08-23 08:23:12,047: [6040] m.c.manticore:INFO: Results in /mcore_4mag5f9h