line 68:16 extraneous input 'payable' expecting {'~', 'from', '(', '[', 'address', 'calldata', 'var', 'bool', 'string', 'byte', '++', '--', 'new', '+', '-', 'after', 'delete', '!', Int, Uint, Byte, Fixed, Ufixed, BooleanLiteral, DecimalNumber, HexNumber, HexLiteral, Identifier, StringLiteral}
line 106:11 mismatched input '(' expecting {'from', 'calldata', 'constant', 'internal', 'private', 'public', Identifier}
line 106:41 extraneous input '{' expecting {'from', 'calldata', 'constant', 'internal', 'private', 'public', Identifier}
line 109:8 extraneous input 'emit' expecting {'from', '}', 'using', 'struct', 'constructor', 'modifier', 'function', 'event', 'enum', 'address', 'mapping', 'calldata', 'var', 'bool', 'string', 'byte', Int, Uint, Byte, Fixed, Ufixed, Identifier}
line 109:25 extraneous input '(' expecting {'from', 'calldata', 'constant', 'internal', 'private', 'public', Identifier}
line 109:29 mismatched input '.' expecting {';', '='}
line 109:36 extraneous input ',' expecting {'from', 'calldata', 'constant', 'internal', 'private', 'public', Identifier}
line 109:41 mismatched input '.' expecting {';', '='}
line 109:47 mismatched input ')' expecting {'from', 'calldata', 'constant', 'internal', 'private', 'public', Identifier}
line 115:4 extraneous input 'function' expecting {<EOF>, 'pragma', 'import', 'contract', 'interface', 'library'}
Traceback (most recent call last):
  File "conkas.py", line 137, in <module>
    main()
  File "conkas.py", line 79, in main
    solc_version = get_solc_version_string(file)
  File "conkas.py", line 21, in get_solc_version_string
    parsed = parse(file.read().decode('utf-8'))
  File "/usr/local/lib/python3.8/dist-packages/solidity_parser/parser.py", line 1023, in parse
    return ast.visit(getattr(parser, start)())
  File "/usr/local/lib/python3.8/dist-packages/solidity_parser/parser.py", line 92, in visit
    return super().visit(tree)
  File "/usr/local/lib/python3.8/dist-packages/antlr4/tree/Tree.py", line 34, in visit
    return tree.accept(self)
  File "/usr/local/lib/python3.8/dist-packages/solidity_parser/solidity_antlr4/SolidityParser.py", line 842, in accept
    return visitor.visitSourceUnit(self)
  File "/usr/local/lib/python3.8/dist-packages/solidity_parser/parser.py", line 114, in visitSourceUnit
    children=self.visit(ctx.children[:-1]))  # skip EOF
  File "/usr/local/lib/python3.8/dist-packages/solidity_parser/parser.py", line 90, in visit
    return self._visit_nodes(tree)
  File "/usr/local/lib/python3.8/dist-packages/solidity_parser/parser.py", line 104, in _visit_nodes
    childResult = c.accept(self)
  File "/usr/local/lib/python3.8/dist-packages/solidity_parser/solidity_antlr4/SolidityParser.py", line 1475, in accept
    return visitor.visitContractDefinition(self)
  File "/usr/local/lib/python3.8/dist-packages/solidity_parser/parser.py", line 995, in visitContractDefinition
    subNodes=self.visit(ctx.contractPart()),
  File "/usr/local/lib/python3.8/dist-packages/solidity_parser/parser.py", line 90, in visit
    return self._visit_nodes(tree)
  File "/usr/local/lib/python3.8/dist-packages/solidity_parser/parser.py", line 104, in _visit_nodes
    childResult = c.accept(self)
  File "/usr/local/lib/python3.8/dist-packages/solidity_parser/solidity_antlr4/SolidityParser.py", line 1673, in accept
    return visitor.visitContractPart(self)
  File "/usr/local/lib/python3.8/dist-packages/solidity_parser/parser.py", line 144, in visitContractPart
    return self.visit(ctx.children[0])
  File "/usr/local/lib/python3.8/dist-packages/solidity_parser/parser.py", line 92, in visit
    return super().visit(tree)
  File "/usr/local/lib/python3.8/dist-packages/antlr4/tree/Tree.py", line 34, in visit
    return tree.accept(self)
  File "/usr/local/lib/python3.8/dist-packages/solidity_parser/solidity_antlr4/SolidityParser.py", line 2040, in accept
    return visitor.visitConstructorDefinition(self)
  File "/usr/local/lib/python3.8/dist-packages/solidity_parser/parser.py", line 148, in visitConstructorDefinition
    block = self.visit(ctx.block()) if ctx.block() else []
  File "/usr/local/lib/python3.8/dist-packages/solidity_parser/parser.py", line 92, in visit
    return super().visit(tree)
  File "/usr/local/lib/python3.8/dist-packages/antlr4/tree/Tree.py", line 34, in visit
    return tree.accept(self)
  File "/usr/local/lib/python3.8/dist-packages/solidity_parser/solidity_antlr4/SolidityParser.py", line 3659, in accept
    return visitor.visitBlock(self)
  File "/usr/local/lib/python3.8/dist-packages/solidity_parser/parser.py", line 409, in visitBlock
    statements=self.visit(ctx.statement()))
  File "/usr/local/lib/python3.8/dist-packages/solidity_parser/parser.py", line 90, in visit
    return self._visit_nodes(tree)
  File "/usr/local/lib/python3.8/dist-packages/solidity_parser/parser.py", line 104, in _visit_nodes
    childResult = c.accept(self)
  File "/usr/local/lib/python3.8/dist-packages/solidity_parser/solidity_antlr4/SolidityParser.py", line 3763, in accept
    return visitor.visitStatement(self)
  File "/usr/local/lib/python3.8/dist-packages/solidity_parser/parser.py", line 447, in visitStatement
    return self.visit(ctx.getChild(0))
  File "/usr/local/lib/python3.8/dist-packages/solidity_parser/parser.py", line 92, in visit
    return super().visit(tree)
  File "/usr/local/lib/python3.8/dist-packages/antlr4/tree/Tree.py", line 34, in visit
    return tree.accept(self)
  File "/usr/local/lib/python3.8/dist-packages/solidity_parser/solidity_antlr4/SolidityParser.py", line 4057, in accept
    return visitor.visitSimpleStatement(self)
  File "/usr/local/lib/python3.8/dist-packages/solidity_parser/parser.py", line 450, in visitSimpleStatement
    return self.visit(ctx.getChild(0))
  File "/usr/local/lib/python3.8/dist-packages/solidity_parser/parser.py", line 92, in visit
    return super().visit(tree)
  File "/usr/local/lib/python3.8/dist-packages/antlr4/tree/Tree.py", line 34, in visit
    return tree.accept(self)
  File "/usr/local/lib/python3.8/dist-packages/solidity_parser/solidity_antlr4/SolidityParser.py", line 3873, in accept
    return visitor.visitExpressionStatement(self)
  File "/usr/local/lib/python3.8/dist-packages/solidity_parser/parser.py", line 414, in visitExpressionStatement
    expression=self.visit(ctx.expression()))
  File "/usr/local/lib/python3.8/dist-packages/solidity_parser/parser.py", line 92, in visit
    return super().visit(tree)
  File "/usr/local/lib/python3.8/dist-packages/antlr4/tree/Tree.py", line 34, in visit
    return tree.accept(self)
  File "/usr/local/lib/python3.8/dist-packages/solidity_parser/solidity_antlr4/SolidityParser.py", line 4926, in accept
    return visitor.visitExpression(self)
  File "/usr/local/lib/python3.8/dist-packages/solidity_parser/parser.py", line 544, in visitExpression
    right=self.visit(ctx.getChild(2)))
  File "/usr/local/lib/python3.8/dist-packages/solidity_parser/parser.py", line 92, in visit
    return super().visit(tree)
  File "/usr/local/lib/python3.8/dist-packages/antlr4/tree/Tree.py", line 34, in visit
    return tree.accept(self)
  File "/usr/local/lib/python3.8/dist-packages/solidity_parser/solidity_antlr4/SolidityParser.py", line 4926, in accept
    return visitor.visitExpression(self)
  File "/usr/local/lib/python3.8/dist-packages/solidity_parser/parser.py", line 553, in visitExpression
    if ctxArgs.expressionList():
AttributeError: 'NoneType' object has no attribute 'expressionList'