Arguments passed: ['smartBugs.py', '--tool', 'all', '--file', '/home/runner/work/smart-contract-token-lock-plan/smart-contract-token-lock-plan/contracts/TokenLockPlan.sol']
[1/11] /home/runner/work/smart-contract-token-lock-plan/smart-contract-token-lock-plan/contracts/TokenLockPlan.sol [maian] in 0:01:11
Solc experienced a fatal error. Check the results file for more info
mythril, /home/runner/work/smart-contract-token-lock-plan/smart-contract-token-lock-plan/contracts/TokenLockPlan.sol
[2/11] /home/runner/work/smart-contract-token-lock-plan/smart-contract-token-lock-plan/contracts/TokenLockPlan.sol [mythril] in 0:00:01
Solc experienced a fatal error. Check the results file for more info
osiris, /home/runner/work/smart-contract-token-lock-plan/smart-contract-token-lock-plan/contracts/TokenLockPlan.sol
[3/11] /home/runner/work/smart-contract-token-lock-plan/smart-contract-token-lock-plan/contracts/TokenLockPlan.sol [osiris] in 0:00:01
Solc experienced a fatal error. Check the results file for more info
honeybadger, /home/runner/work/smart-contract-token-lock-plan/smart-contract-token-lock-plan/contracts/TokenLockPlan.sol
[4/11] /home/runner/work/smart-contract-token-lock-plan/smart-contract-token-lock-plan/contracts/TokenLockPlan.sol [honeybadger] in 0:00:01
Error parsing output of securify for file /home/runner/work/smart-contract-token-lock-plan/smart-contract-token-lock-plan/contracts/TokenLockPlan.sol
"filename 'results/live.json' not found"
[5/11] /home/runner/work/smart-contract-token-lock-plan/smart-contract-token-lock-plan/contracts/TokenLockPlan.sol [securify] in 0:00:01
[6/11] /home/runner/work/smart-contract-token-lock-plan/smart-contract-token-lock-plan/contracts/TokenLockPlan.sol [slither] in 0:00:01
[7/11] /home/runner/work/smart-contract-token-lock-plan/smart-contract-token-lock-plan/contracts/TokenLockPlan.sol [manticore] in 0:00:14
[8/11] /home/runner/work/smart-contract-token-lock-plan/smart-contract-token-lock-plan/contracts/TokenLockPlan.sol [smartcheck] in 0:00:03
[9/11] /home/runner/work/smart-contract-token-lock-plan/smart-contract-token-lock-plan/contracts/TokenLockPlan.sol [solhint] in 0:00:01
[10/11] /home/runner/work/smart-contract-token-lock-plan/smart-contract-token-lock-plan/contracts/TokenLockPlan.sol [conkas] in 0:00:02
Solc experienced a fatal error. Check the results file for more info
oyente, /home/runner/work/smart-contract-token-lock-plan/smart-contract-token-lock-plan/contracts/TokenLockPlan.sol
[11/11] /home/runner/work/smart-contract-token-lock-plan/smart-contract-token-lock-plan/contracts/TokenLockPlan.sol [oyente] in 0:00:01
Analysis completed. 
It took 0:01:37 to analyse all files.
